0 info it worked if it ends with ok
1 verbose cli [ '/home/ubuntu/.nvm/versions/node/v4.7.3/bin/node',
1 verbose cli   '/home/ubuntu/.nvm/versions/node/v4.7.3/bin/npm',
1 verbose cli   'publish' ]
2 info using npm@2.15.11
3 info using node@v4.7.3
4 verbose publish [ '.' ]
5 silly cache add args [ '.', null ]
6 verbose cache add spec .
7 silly cache add parsed spec Result {
7 silly cache add   raw: '.',
7 silly cache add   scope: null,
7 silly cache add   name: null,
7 silly cache add   rawSpec: '.',
7 silly cache add   spec: '/home/ubuntu/workspace',
7 silly cache add   type: 'directory' }
8 verbose addLocalDirectory /home/ubuntu/.npm/queue-promise/0.0.1/package.tgz not in flight; packing
9 verbose correctMkdir /home/ubuntu/.npm correctMkdir not in flight; initializing
10 verbose tar pack [ '/home/ubuntu/.npm/queue-promise/0.0.1/package.tgz',
10 verbose tar pack   '/home/ubuntu/workspace' ]
11 verbose tarball /home/ubuntu/.npm/queue-promise/0.0.1/package.tgz
12 verbose folder /home/ubuntu/workspace
13 info prepublish queue-promise@0.0.1
14 verbose addLocalTarball adding from inside cache /home/ubuntu/.npm/queue-promise/0.0.1/package.tgz
15 verbose correctMkdir /home/ubuntu/.npm correctMkdir not in flight; initializing
16 silly cache afterAdd queue-promise@0.0.1
17 verbose afterAdd /home/ubuntu/.npm/queue-promise/0.0.1/package/package.json not in flight; writing
18 verbose correctMkdir /home/ubuntu/.npm correctMkdir not in flight; initializing
19 verbose afterAdd /home/ubuntu/.npm/queue-promise/0.0.1/package/package.json written
20 silly publish { name: 'queue-promise',
20 silly publish   version: '0.0.1',
20 silly publish   description: 'Execute a function queue to receive value passed in resolving of the last call function.',
20 silly publish   main: 'index.js',
20 silly publish   scripts: { test: 'echo "Error: no test specified" && exit 1' },
20 silly publish   repository:
20 silly publish    { type: 'git',
20 silly publish      url: 'git+https://github.com/PhilippeAssis/node-promise-queue.git' },
20 silly publish   author: { name: 'Philippe Assis', email: 'assis@philippeassis.com' },
20 silly publish   license: 'ISC',
20 silly publish   bugs: { url: 'https://github.com/PhilippeAssis/node-promise-queue/issues' },
20 silly publish   homepage: 'https://github.com/PhilippeAssis/node-promise-queue#readme',
20 silly publish   readme: '# Queue Promise\nExecute a function queue to receive value passed in resolving of the last call function.\n\nYou can override the default Promise or use a unique variable for this module. In any of the options you will have all the other standard Promise methods available.\n\n## Use\n```javascript\nvar queue = require("queue-promise")\n\nvar func = queue([\n    new Promise((resolve, reject) => { resolve(1) }),\n    data => new Promise((resolve, reject) => { \n        setTimeout(() => {\n            resolve(--data)\n        }, 3000) \n    }),\n    data => new Promise((resolve, reject) => { resolve(++data) }),\n])\n\nfunc.then(data => console.log(data), err => console.error(err))\n\n```\n',
20 silly publish   readmeFilename: 'README.md',
20 silly publish   gitHead: '1ef99a5ebf62ff8a260a41e68857ab588ef66f0f',
20 silly publish   _id: 'queue-promise@0.0.1',
20 silly publish   _shasum: 'fcbe69734e8ff5c3e79cc2223c72566370eef5ae',
20 silly publish   _from: '.' }
21 verbose getPublishConfig undefined
22 silly mapToRegistry name queue-promise
23 silly mapToRegistry using default registry
24 silly mapToRegistry registry https://registry.npmjs.org/
25 silly mapToRegistry data Result {
25 silly mapToRegistry   raw: 'queue-promise',
25 silly mapToRegistry   scope: null,
25 silly mapToRegistry   name: 'queue-promise',
25 silly mapToRegistry   rawSpec: '',
25 silly mapToRegistry   spec: 'latest',
25 silly mapToRegistry   type: 'tag' }
26 silly mapToRegistry uri https://registry.npmjs.org/queue-promise
27 verbose publish registryBase https://registry.npmjs.org/
28 silly publish uploading /home/ubuntu/.npm/queue-promise/0.0.1/package.tgz
29 verbose request uri https://registry.npmjs.org/queue-promise
30 verbose request sending authorization for write operation
31 info attempt registry request try #1 at 8:24:04 PM
32 verbose request using bearer token for auth
33 verbose request id be3e8f5918300520
34 http request PUT https://registry.npmjs.org/queue-promise
35 http 403 https://registry.npmjs.org/queue-promise
36 verbose headers { 'content-type': 'application/json',
36 verbose headers   'cache-control': 'max-age=300',
36 verbose headers   'content-length': '107',
36 verbose headers   'accept-ranges': 'bytes',
36 verbose headers   date: 'Mon, 05 Jun 2017 20:24:05 GMT',
36 verbose headers   via: '1.1 varnish',
36 verbose headers   connection: 'keep-alive',
36 verbose headers   'x-served-by': 'cache-ord1746-ORD',
36 verbose headers   'x-cache': 'MISS',
36 verbose headers   'x-cache-hits': '0',
36 verbose headers   'x-timer': 'S1496694245.102024,VS0,VE333',
36 verbose headers   vary: 'Accept-Encoding' }
37 verbose request invalidating /home/ubuntu/.npm/registry.npmjs.org/queue-promise on PUT
38 error publish Failed PUT 403
39 verbose stack Error: you do not have permission to publish "queue-promise". Are you logged in as the correct user? : queue-promise
39 verbose stack     at makeError (/home/ubuntu/.nvm/versions/node/v4.7.3/lib/node_modules/npm/node_modules/npm-registry-client/lib/request.js:302:12)
39 verbose stack     at CachingRegistryClient.<anonymous> (/home/ubuntu/.nvm/versions/node/v4.7.3/lib/node_modules/npm/node_modules/npm-registry-client/lib/request.js:290:14)
39 verbose stack     at Request._callback (/home/ubuntu/.nvm/versions/node/v4.7.3/lib/node_modules/npm/node_modules/npm-registry-client/lib/request.js:210:14)
39 verbose stack     at Request.self.callback (/home/ubuntu/.nvm/versions/node/v4.7.3/lib/node_modules/npm/node_modules/request/request.js:187:22)
39 verbose stack     at emitTwo (events.js:87:13)
39 verbose stack     at Request.emit (events.js:172:7)
39 verbose stack     at Request.<anonymous> (/home/ubuntu/.nvm/versions/node/v4.7.3/lib/node_modules/npm/node_modules/request/request.js:1044:10)
39 verbose stack     at emitOne (events.js:77:13)
39 verbose stack     at Request.emit (events.js:169:7)
39 verbose stack     at IncomingMessage.<anonymous> (/home/ubuntu/.nvm/versions/node/v4.7.3/lib/node_modules/npm/node_modules/request/request.js:965:12)
40 verbose statusCode 403
41 verbose pkgid queue-promise
42 verbose cwd /home/ubuntu/workspace
43 error Linux 4.9.17-c9
44 error argv "/home/ubuntu/.nvm/versions/node/v4.7.3/bin/node" "/home/ubuntu/.nvm/versions/node/v4.7.3/bin/npm" "publish"
45 error node v4.7.3
46 error npm  v2.15.11
47 error code E403
48 error you do not have permission to publish "queue-promise". Are you logged in as the correct user? : queue-promise
49 error If you need help, you may report this error at:
49 error     <https://github.com/npm/npm/issues>
50 verbose exit [ 1, true ]
